Started GET "/" for ::1 at 2022-03-01 11:55:28 -0500
  [1m[35m (0.9ms)[0m  [1m[34mSELECT sqlite_version(*)[0m
Processing by Rails::WelcomeController#index as HTML
  Rendering /Users/joesph/.rvm/gems/ruby-3.0.0/gems/railties-7.0.2.2/lib/rails/templates/rails/welcome/index.html.erb
  Rendered /Users/joesph/.rvm/gems/ruby-3.0.0/gems/railties-7.0.2.2/lib/rails/templates/rails/welcome/index.html.erb (Duration: 1.2ms | Allocations: 745)
Completed 200 OK in 8ms (Views: 3.3ms | ActiveRecord: 0.0ms | Allocations: 7040)


Started GET "/home" for ::1 at 2022-03-01 12:21:52 -0500
  [1m[35m (0.4ms)[0m  [1m[34mSELECT sqlite_version(*)[0m
  
ActionController::RoutingError (No route matches [GET] "/home"):
  
Started GET "/home/index" for ::1 at 2022-03-01 12:22:00 -0500
Processing by HomeController#index as HTML
  Rendering layout layouts/application.html.erb
  Rendering home/index.html.erb within layouts/application
  Rendered home/index.html.erb within layouts/application (Duration: 0.5ms | Allocations: 126)
  Rendered layout layouts/application.html.erb (Duration: 338.2ms | Allocations: 94324)
Completed 200 OK in 345ms (Views: 339.6ms | ActiveRecord: 0.0ms | Allocations: 97849)


Started GET "/home/index" for ::1 at 2022-03-01 12:22:36 -0500
Processing by HomeController#index as HTML
  Rendering layout layouts/application.html.erb
  Rendering home/index.html.erb within layouts/application
  Rendered home/index.html.erb within layouts/application (Duration: 0.8ms | Allocations: 129)
  Rendered layout layouts/application.html.erb (Duration: 4.9ms | Allocations: 2707)
Completed 200 OK in 9ms (Views: 7.7ms | ActiveRecord: 0.0ms | Allocations: 3744)


Started GET "/home/index" for ::1 at 2022-03-01 12:23:38 -0500
  
ActionController::RoutingError (No route matches [GET] "/home/index"):
  
Started GET "/" for ::1 at 2022-03-01 12:23:40 -0500
Processing by HomeController#index as HTML
  Rendering layout layouts/application.html.erb
  Rendering home/index.html.erb within layouts/application
  Rendered home/index.html.erb within layouts/application (Duration: 0.1ms | Allocations: 17)
  Rendered layout layouts/application.html.erb (Duration: 10.2ms | Allocations: 13762)
Completed 200 OK in 21ms (Views: 12.8ms | Allocations: 14534)


Started GET "/" for ::1 at 2022-03-01 12:26:19 -0500
Processing by HomeController#index as HTML
  Rendering layout layouts/application.html.erb
  Rendering home/index.html.erb within layouts/application
  Rendered home/index.html.erb within layouts/application (Duration: 0.5ms | Allocations: 126)
  Rendered layout layouts/application.html.erb (Duration: 5.0ms | Allocations: 2704)
Completed 200 OK in 9ms (Views: 7.5ms | Allocations: 3737)


Started GET "/" for ::1 at 2022-03-01 12:32:24 -0500
Processing by HomeController#index as HTML
  Rendering layout layouts/application.html.erb
  Rendering home/index.html.erb within layouts/application
  Rendered home/index.html.erb within layouts/application (Duration: 0.8ms | Allocations: 125)
  Rendered layout layouts/application.html.erb (Duration: 5.2ms | Allocations: 2692)
Completed 200 OK in 11ms (Views: 9.6ms | Allocations: 3721)


Started GET "/" for ::1 at 2022-03-01 12:32:29 -0500
Processing by HomeController#index as HTML
  Rendering layout layouts/application.html.erb
  Rendering home/index.html.erb within layouts/application
  Rendered home/index.html.erb within layouts/application (Duration: 0.5ms | Allocations: 125)
  Rendered layout layouts/application.html.erb (Duration: 4.6ms | Allocations: 2709)
Completed 200 OK in 10ms (Views: 7.8ms | Allocations: 3738)


Started GET "/" for ::1 at 2022-03-01 12:32:30 -0500
Processing by HomeController#index as HTML
  Rendering layout layouts/application.html.erb
  Rendering home/index.html.erb within layouts/application
  Rendered home/index.html.erb within layouts/application (Duration: 0.1ms | Allocations: 15)
  Rendered layout layouts/application.html.erb (Duration: 7.1ms | Allocations: 2297)
Completed 200 OK in 10ms (Views: 8.0ms | Allocations: 2614)


Started GET "/home/about" for ::1 at 2022-03-01 12:34:16 -0500
Processing by HomeController#about as HTML
  Rendering layout layouts/application.html.erb
  Rendering home/about.html.erb within layouts/application
  Rendered home/about.html.erb within layouts/application (Duration: 0.3ms | Allocations: 126)
  Rendered layout layouts/application.html.erb (Duration: 9.5ms | Allocations: 14165)
Completed 200 OK in 11ms (Views: 10.7ms | Allocations: 15227)


Started GET "/" for ::1 at 2022-03-01 12:37:19 -0500
Processing by HomeController#index as HTML
  Rendering layout layouts/application.html.erb
  Rendering home/index.html.erb within layouts/application
  Rendered home/index.html.erb within layouts/application (Duration: 0.6ms | Allocations: 125)
  Rendered layout layouts/application.html.erb (Duration: 3.7ms | Allocations: 2731)
Completed 200 OK in 19ms (Views: 16.7ms | Allocations: 3761)


Started GET "/" for ::1 at 2022-03-01 12:38:52 -0500
Processing by HomeController#index as HTML
  Rendering layout layouts/application.html.erb
  Rendering home/index.html.erb within layouts/application
  Rendered home/index.html.erb within layouts/application (Duration: 0.4ms | Allocations: 125)
  Rendered layout layouts/application.html.erb (Duration: 4.1ms | Allocations: 2741)
Completed 200 OK in 7ms (Views: 5.8ms | Allocations: 3770)


Started GET "/" for ::1 at 2022-03-02 11:35:06 -0500
  [1m[35m (0.5ms)[0m  [1m[34mSELECT sqlite_version(*)[0m
Processing by HomeController#index as HTML
  Rendering layout layouts/application.html.erb
  Rendering home/index.html.erb within layouts/application
  Rendered home/index.html.erb within layouts/application (Duration: 3.4ms | Allocations: 370)
  Rendered layout layouts/application.html.erb (Duration: 48.9ms | Allocations: 35582)
Completed 200 OK in 59ms (Views: 55.4ms | ActiveRecord: 0.0ms | Allocations: 40864)


Started GET "/" for ::1 at 2022-03-02 11:36:54 -0500
Processing by HomeController#index as HTML
  Rendering layout layouts/application.html.erb
  Rendering home/index.html.erb within layouts/application
  Rendered home/index.html.erb within layouts/application (Duration: 0.5ms | Allocations: 128)
  Rendered home/_header.html.erb (Duration: 0.5ms | Allocations: 117)
  Rendered layout layouts/application.html.erb (Duration: 6.2ms | Allocations: 3020)
Completed 200 OK in 10ms (Views: 8.2ms | ActiveRecord: 0.0ms | Allocations: 4057)


Started GET "/" for ::1 at 2022-03-02 11:37:03 -0500
Processing by HomeController#index as HTML
  Rendering layout layouts/application.html.erb
  Rendering home/index.html.erb within layouts/application
  Rendered home/index.html.erb within layouts/application (Duration: 1.1ms | Allocations: 125)
  Rendered home/_header.html.erb (Duration: 0.5ms | Allocations: 112)
  Rendered layout layouts/application.html.erb (Duration: 8.7ms | Allocations: 2985)
Completed 200 OK in 18ms (Views: 13.9ms | ActiveRecord: 0.0ms | Allocations: 4017)


Started GET "/about" for ::1 at 2022-03-02 11:37:40 -0500
  
ActionController::RoutingError (No route matches [GET] "/about"):
  
Started GET "/home/about" for ::1 at 2022-03-02 11:37:46 -0500
Processing by HomeController#about as HTML
  Rendering layout layouts/application.html.erb
  Rendering home/about.html.erb within layouts/application
  Rendered home/about.html.erb within layouts/application (Duration: 0.6ms | Allocations: 123)
  Rendered home/_header.html.erb (Duration: 0.3ms | Allocations: 112)
  Rendered layout layouts/application.html.erb (Duration: 4.5ms | Allocations: 2987)
Completed 200 OK in 11ms (Views: 7.1ms | ActiveRecord: 0.0ms | Allocations: 3975)


Started GET "/" for ::1 at 2022-03-02 11:37:49 -0500
Processing by HomeController#index as HTML
  Rendering layout layouts/application.html.erb
  Rendering home/index.html.erb within layouts/application
  Rendered home/index.html.erb within layouts/application (Duration: 8.6ms | Allocations: 121)
  Rendered home/_header.html.erb (Duration: 0.0ms | Allocations: 13)
  Rendered layout layouts/application.html.erb (Duration: 12.7ms | Allocations: 2474)
Completed 200 OK in 15ms (Views: 13.2ms | ActiveRecord: 0.0ms | Allocations: 2850)


Started GET "/" for ::1 at 2022-03-02 11:38:41 -0500
Processing by HomeController#index as HTML
  Rendering layout layouts/application.html.erb
  Rendering home/index.html.erb within layouts/application
  Rendered home/index.html.erb within layouts/application (Duration: 0.8ms | Allocations: 125)
  Rendered home/_header.html.erb (Duration: 0.3ms | Allocations: 183)
  Rendered layout layouts/application.html.erb (Duration: 7.0ms | Allocations: 3055)
Completed 200 OK in 14ms (Views: 10.6ms | ActiveRecord: 0.0ms | Allocations: 4087)


Started GET "/" for ::1 at 2022-03-02 11:39:08 -0500
Processing by HomeController#index as HTML
  Rendering layout layouts/application.html.erb
  Rendering home/index.html.erb within layouts/application
  Rendered home/index.html.erb within layouts/application (Duration: 1.3ms | Allocations: 125)
  Rendered home/_header.html.erb (Duration: 0.3ms | Allocations: 183)
  Rendered layout layouts/application.html.erb (Duration: 5.6ms | Allocations: 3069)
Completed 200 OK in 9ms (Views: 8.0ms | ActiveRecord: 0.0ms | Allocations: 4101)


Started GET "/" for ::1 at 2022-03-02 11:39:27 -0500
Processing by HomeController#index as HTML
  Rendering layout layouts/application.html.erb
  Rendering home/index.html.erb within layouts/application
  Rendered home/index.html.erb within layouts/application (Duration: 0.3ms | Allocations: 125)
  Rendered home/_header.html.erb (Duration: 0.3ms | Allocations: 183)
  Rendered layout layouts/application.html.erb (Duration: 4.3ms | Allocations: 3058)
Completed 200 OK in 9ms (Views: 6.4ms | ActiveRecord: 0.0ms | Allocations: 4095)


Started GET "/" for ::1 at 2022-03-02 11:39:34 -0500
Processing by HomeController#index as HTML
  Rendering layout layouts/application.html.erb
  Rendering home/index.html.erb within layouts/application
  Rendered home/index.html.erb within layouts/application (Duration: 0.6ms | Allocations: 125)
  Rendered home/_header.html.erb (Duration: 3.0ms | Allocations: 183)
  Rendered layout layouts/application.html.erb (Duration: 9.8ms | Allocations: 3058)
Completed 200 OK in 14ms (Views: 12.4ms | ActiveRecord: 0.0ms | Allocations: 4095)


Started GET "/" for ::1 at 2022-03-02 11:39:58 -0500
Processing by HomeController#index as HTML
  Rendering layout layouts/application.html.erb
  Rendering home/index.html.erb within layouts/application
  Rendered home/index.html.erb within layouts/application (Duration: 0.8ms | Allocations: 125)
  Rendered home/_header.html.erb (Duration: 0.5ms | Allocations: 177)
  Rendered layout layouts/application.html.erb (Duration: 7.0ms | Allocations: 3051)
Completed 200 OK in 12ms (Views: 9.6ms | ActiveRecord: 0.0ms | Allocations: 4083)


Started GET "/" for ::1 at 2022-03-02 11:40:28 -0500
Processing by HomeController#index as HTML
  Rendering layout layouts/application.html.erb
  Rendering home/index.html.erb within layouts/application
  Rendered home/index.html.erb within layouts/application (Duration: 0.6ms | Allocations: 125)
  Rendered home/_header.html.erb (Duration: 0.9ms | Allocations: 165)
  Rendered layout layouts/application.html.erb (Duration: 6.8ms | Allocations: 3039)
Completed 200 OK in 12ms (Views: 10.1ms | ActiveRecord: 0.0ms | Allocations: 4071)


Started GET "/" for ::1 at 2022-03-02 11:40:35 -0500
Processing by HomeController#index as HTML
  Rendering layout layouts/application.html.erb
  Rendering home/index.html.erb within layouts/application
  Rendered home/index.html.erb within layouts/application (Duration: 0.6ms | Allocations: 125)
  Rendered home/_header.html.erb (Duration: 0.4ms | Allocations: 155)
  Rendered layout layouts/application.html.erb (Duration: 5.6ms | Allocations: 3029)
Completed 200 OK in 11ms (Views: 9.2ms | ActiveRecord: 0.0ms | Allocations: 4061)


Started GET "/" for ::1 at 2022-03-02 11:40:47 -0500
Processing by HomeController#index as HTML
  Rendering layout layouts/application.html.erb
  Rendering home/index.html.erb within layouts/application
  Rendered home/index.html.erb within layouts/application (Duration: 0.5ms | Allocations: 125)
  Rendered home/_header.html.erb (Duration: 0.4ms | Allocations: 149)
  Rendered layout layouts/application.html.erb (Duration: 5.7ms | Allocations: 3027)
Completed 200 OK in 9ms (Views: 7.8ms | ActiveRecord: 0.0ms | Allocations: 4059)


Started GET "/" for ::1 at 2022-03-02 11:42:34 -0500
Processing by HomeController#index as HTML
  Rendering layout layouts/application.html.erb
  Rendering home/index.html.erb within layouts/application
  Rendered home/index.html.erb within layouts/application (Duration: 0.6ms | Allocations: 125)
  Rendered home/_header.html.erb (Duration: 0.7ms | Allocations: 255)
  Rendered layout layouts/application.html.erb (Duration: 5.1ms | Allocations: 3125)
Completed 200 OK in 20ms (Views: 7.7ms | Allocations: 4154)


Started GET "/" for ::1 at 2022-03-02 11:42:35 -0500
Processing by HomeController#index as HTML
  Rendering layout layouts/application.html.erb
  Rendering home/index.html.erb within layouts/application
  Rendered home/index.html.erb within layouts/application (Duration: 0.2ms | Allocations: 15)
  Rendered home/_header.html.erb (Duration: 0.1ms | Allocations: 48)
  Rendered layout layouts/application.html.erb (Duration: 4.5ms | Allocations: 2405)
Completed 200 OK in 6ms (Views: 5.1ms | Allocations: 2725)


Started GET "/" for ::1 at 2022-03-02 11:42:36 -0500
Processing by HomeController#index as HTML
  Rendering layout layouts/application.html.erb
  Rendering home/index.html.erb within layouts/application
  Rendered home/index.html.erb within layouts/application (Duration: 0.1ms | Allocations: 15)
  Rendered home/_header.html.erb (Duration: 0.2ms | Allocations: 48)
  Rendered layout layouts/application.html.erb (Duration: 6.9ms | Allocations: 2403)
Completed 200 OK in 27ms (Views: 25.8ms | Allocations: 2722)


Started GET "/" for ::1 at 2022-03-02 11:42:38 -0500
Processing by HomeController#index as HTML
  Rendering layout layouts/application.html.erb
  Rendering home/index.html.erb within layouts/application
  Rendered home/index.html.erb within layouts/application (Duration: 0.1ms | Allocations: 15)
  Rendered home/_header.html.erb (Duration: 0.2ms | Allocations: 48)
  Rendered layout layouts/application.html.erb (Duration: 4.7ms | Allocations: 2413)
Completed 200 OK in 6ms (Views: 5.3ms | Allocations: 2732)


Started GET "/home/about" for ::1 at 2022-03-02 11:42:58 -0500
Processing by HomeController#about as HTML
  Rendering layout layouts/application.html.erb
  Rendering home/about.html.erb within layouts/application
  Rendered home/about.html.erb within layouts/application (Duration: 2.3ms | Allocations: 118)
  Rendered home/_header.html.erb (Duration: 0.2ms | Allocations: 48)
  Rendered layout layouts/application.html.erb (Duration: 9.4ms | Allocations: 2525)
Completed 200 OK in 20ms (Views: 10.5ms | Allocations: 2897)


Started GET "/" for ::1 at 2022-03-02 11:42:59 -0500
Processing by HomeController#index as HTML
  Rendering layout layouts/application.html.erb
  Rendering home/index.html.erb within layouts/application
  Rendered home/index.html.erb within layouts/application (Duration: 0.1ms | Allocations: 15)
  Rendered home/_header.html.erb (Duration: 0.1ms | Allocations: 48)
  Rendered layout layouts/application.html.erb (Duration: 4.1ms | Allocations: 2413)
Completed 200 OK in 5ms (Views: 4.6ms | Allocations: 2732)


Started GET "/" for ::1 at 2022-03-02 11:43:01 -0500
Processing by HomeController#index as HTML
  Rendering layout layouts/application.html.erb
  Rendering home/index.html.erb within layouts/application
  Rendered home/index.html.erb within layouts/application (Duration: 0.1ms | Allocations: 15)
  Rendered home/_header.html.erb (Duration: 0.2ms | Allocations: 48)
  Rendered layout layouts/application.html.erb (Duration: 67.1ms | Allocations: 2413)
Completed 200 OK in 87ms (Views: 84.7ms | Allocations: 2732)


Started GET "/" for ::1 at 2022-03-02 11:43:52 -0500
Processing by HomeController#index as HTML
  Rendering layout layouts/application.html.erb
  Rendering home/index.html.erb within layouts/application
  Rendered home/index.html.erb within layouts/application (Duration: 1.3ms | Allocations: 125)
  Rendered home/_header.html.erb (Duration: 0.7ms | Allocations: 273)
  Rendered layout layouts/application.html.erb (Duration: 8.4ms | Allocations: 3153)
Completed 200 OK in 15ms (Views: 14.0ms | Allocations: 4181)


Started GET "/home/about" for ::1 at 2022-03-02 11:43:55 -0500
Processing by HomeController#about as HTML
  Rendering layout layouts/application.html.erb
  Rendering home/about.html.erb within layouts/application
  Rendered home/about.html.erb within layouts/application (Duration: 2.5ms | Allocations: 118)
  Rendered home/_header.html.erb (Duration: 0.2ms | Allocations: 71)
  Rendered layout layouts/application.html.erb (Duration: 6.7ms | Allocations: 2536)
Completed 200 OK in 11ms (Views: 10.2ms | Allocations: 2912)


Started GET "/" for ::1 at 2022-03-02 11:43:57 -0500
Processing by HomeController#index as HTML
  Rendering layout layouts/application.html.erb
  Rendering home/index.html.erb within layouts/application
  Rendered home/index.html.erb within layouts/application (Duration: 0.1ms | Allocations: 15)
  Rendered home/_header.html.erb (Duration: 0.2ms | Allocations: 71)
  Rendered layout layouts/application.html.erb (Duration: 4.3ms | Allocations: 2434)
Completed 200 OK in 6ms (Views: 4.9ms | Allocations: 2753)


Started GET "/" for ::1 at 2022-03-02 11:45:53 -0500
Processing by HomeController#index as HTML
  Rendering layout layouts/application.html.erb
  Rendering home/index.html.erb within layouts/application
  Rendered home/index.html.erb within layouts/application (Duration: 0.1ms | Allocations: 15)
  Rendered home/_header.html.erb (Duration: 0.2ms | Allocations: 71)
  Rendered layout layouts/application.html.erb (Duration: 8.6ms | Allocations: 2444)
Completed 200 OK in 10ms (Views: 9.1ms | Allocations: 2763)


  [1m[35m (0.4ms)[0m  [1m[34mSELECT sqlite_version(*)[0m
